[2019-07-24 15:20:36,470] INFO Kafka Connect standalone worker initializing ... (org.apache.kafka.connect.cli.ConnectStandalone:67)
[2019-07-24 15:20:36,487] INFO WorkerInfo values: 
	jvm.args = -Xms256M, -Xmx2G, -XX:+UseG1GC, -XX:MaxGCPauseMillis=20, -XX:InitiatingHeapOccupancyPercent=35, -XX:+ExplicitGCInvokesConcurrent, -Djava.awt.headless=true, -Dcom.sun.management.jmxremote, -Dcom.sun.management.jmxremote.authenticate=false, -Dcom.sun.management.jmxremote.ssl=false, -Dkafka.logs.dir=/Users/gokcerbelgusen/Downloads/kafka-2.0.0/bin/../logs, -Dlog4j.configuration=file:./bin/../config/connect-log4j.properties
	jvm.spec = Oracle Corporation, Java HotSpot(TM) 64-Bit Server VM, 1.8.0_211, 25.211-b12
	jvm.classpath = /Users/gokcerbelgusen/Downloads/kafka-2.0.0/bin/../libs/activation-1.1.1.jar:/Users/gokcerbelgusen/Downloads/kafka-2.0.0/bin/../libs/aopalliance-repackaged-2.5.0-b42.jar:/Users/gokcerbelgusen/Downloads/kafka-2.0.0/bin/../libs/argparse4j-0.7.0.jar:/Users/gokcerbelgusen/Downloads/kafka-2.0.0/bin/../libs/audience-annotations-0.5.0.jar:/Users/gokcerbelgusen/Downloads/kafka-2.0.0/bin/../libs/commons-lang3-3.5.jar:/Users/gokcerbelgusen/Downloads/kafka-2.0.0/bin/../libs/connect-api-2.0.0.jar:/Users/gokcerbelgusen/Downloads/kafka-2.0.0/bin/../libs/connect-basic-auth-extension-2.0.0.jar:/Users/gokcerbelgusen/Downloads/kafka-2.0.0/bin/../libs/connect-file-2.0.0.jar:/Users/gokcerbelgusen/Downloads/kafka-2.0.0/bin/../libs/connect-json-2.0.0.jar:/Users/gokcerbelgusen/Downloads/kafka-2.0.0/bin/../libs/connect-runtime-2.0.0.jar:/Users/gokcerbelgusen/Downloads/kafka-2.0.0/bin/../libs/connect-socket-source-1.0.jar:/Users/gokcerbelgusen/Downloads/kafka-2.0.0/bin/../libs/connect-transforms-2.0.0.jar:/Users/gokcerbelgusen/Downloads/kafka-2.0.0/bin/../libs/guava-20.0.jar:/Users/gokcerbelgusen/Downloads/kafka-2.0.0/bin/../libs/hk2-api-2.5.0-b42.jar:/Users/gokcerbelgusen/Downloads/kafka-2.0.0/bin/../libs/hk2-locator-2.5.0-b42.jar:/Users/gokcerbelgusen/Downloads/kafka-2.0.0/bin/../libs/hk2-utils-2.5.0-b42.jar:/Users/gokcerbelgusen/Downloads/kafka-2.0.0/bin/../libs/jackson-annotations-2.9.6.jar:/Users/gokcerbelgusen/Downloads/kafka-2.0.0/bin/../libs/jackson-core-2.9.6.jar:/Users/gokcerbelgusen/Downloads/kafka-2.0.0/bin/../libs/jackson-databind-2.9.6.jar:/Users/gokcerbelgusen/Downloads/kafka-2.0.0/bin/../libs/jackson-jaxrs-base-2.9.6.jar:/Users/gokcerbelgusen/Downloads/kafka-2.0.0/bin/../libs/jackson-jaxrs-json-provider-2.9.6.jar:/Users/gokcerbelgusen/Downloads/kafka-2.0.0/bin/../libs/jackson-module-jaxb-annotations-2.9.6.jar:/Users/gokcerbelgusen/Downloads/kafka-2.0.0/bin/../libs/javassist-3.22.0-CR2.jar:/Users/gokcerbelgusen/Downloads/kafka-2.0.0/bin/../libs/javax.annotation-api-1.2.jar:/Users/gokcerbelgusen/Downloads/kafka-2.0.0/bin/../libs/javax.inject-1.jar:/Users/gokcerbelgusen/Downloads/kafka-2.0.0/bin/../libs/javax.inject-2.5.0-b42.jar:/Users/gokcerbelgusen/Downloads/kafka-2.0.0/bin/../libs/javax.servlet-api-3.1.0.jar:/Users/gokcerbelgusen/Downloads/kafka-2.0.0/bin/../libs/javax.ws.rs-api-2.1.jar:/Users/gokcerbelgusen/Downloads/kafka-2.0.0/bin/../libs/jaxb-api-2.3.0.jar:/Users/gokcerbelgusen/Downloads/kafka-2.0.0/bin/../libs/jersey-client-2.27.jar:/Users/gokcerbelgusen/Downloads/kafka-2.0.0/bin/../libs/jersey-common-2.27.jar:/Users/gokcerbelgusen/Downloads/kafka-2.0.0/bin/../libs/jersey-container-servlet-2.27.jar:/Users/gokcerbelgusen/Downloads/kafka-2.0.0/bin/../libs/jersey-container-servlet-core-2.27.jar:/Users/gokcerbelgusen/Downloads/kafka-2.0.0/bin/../libs/jersey-hk2-2.27.jar:/Users/gokcerbelgusen/Downloads/kafka-2.0.0/bin/../libs/jersey-media-jaxb-2.27.jar:/Users/gokcerbelgusen/Downloads/kafka-2.0.0/bin/../libs/jersey-server-2.27.jar:/Users/gokcerbelgusen/Downloads/kafka-2.0.0/bin/../libs/jetty-client-9.4.11.v20180605.jar:/Users/gokcerbelgusen/Downloads/kafka-2.0.0/bin/../libs/jetty-continuation-9.4.11.v20180605.jar:/Users/gokcerbelgusen/Downloads/kafka-2.0.0/bin/../libs/jetty-http-9.4.11.v20180605.jar:/Users/gokcerbelgusen/Downloads/kafka-2.0.0/bin/../libs/jetty-io-9.4.11.v20180605.jar:/Users/gokcerbelgusen/Downloads/kafka-2.0.0/bin/../libs/jetty-security-9.4.11.v20180605.jar:/Users/gokcerbelgusen/Downloads/kafka-2.0.0/bin/../libs/jetty-server-9.4.11.v20180605.jar:/Users/gokcerbelgusen/Downloads/kafka-2.0.0/bin/../libs/jetty-servlet-9.4.11.v20180605.jar:/Users/gokcerbelgusen/Downloads/kafka-2.0.0/bin/../libs/jetty-servlets-9.4.11.v20180605.jar:/Users/gokcerbelgusen/Downloads/kafka-2.0.0/bin/../libs/jetty-util-9.4.11.v20180605.jar:/Users/gokcerbelgusen/Downloads/kafka-2.0.0/bin/../libs/jopt-simple-5.0.4.jar:/Users/gokcerbelgusen/Downloads/kafka-2.0.0/bin/../libs/kafka-clients-2.0.0.jar:/Users/gokcerbelgusen/Downloads/kafka-2.0.0/bin/../libs/kafka-log4j-appender-2.0.0.jar:/Users/gokcerbelgusen/Downloads/kafka-2.0.0/bin/../libs/kafka-streams-2.0.0.jar:/Users/gokcerbelgusen/Downloads/kafka-2.0.0/bin/../libs/kafka-streams-examples-2.0.0.jar:/Users/gokcerbelgusen/Downloads/kafka-2.0.0/bin/../libs/kafka-streams-scala_2.11-2.0.0.jar:/Users/gokcerbelgusen/Downloads/kafka-2.0.0/bin/../libs/kafka-streams-test-utils-2.0.0.jar:/Users/gokcerbelgusen/Downloads/kafka-2.0.0/bin/../libs/kafka-tools-2.0.0.jar:/Users/gokcerbelgusen/Downloads/kafka-2.0.0/bin/../libs/kafka_2.11-2.0.0-sources.jar:/Users/gokcerbelgusen/Downloads/kafka-2.0.0/bin/../libs/kafka_2.11-2.0.0.jar:/Users/gokcerbelgusen/Downloads/kafka-2.0.0/bin/../libs/log4j-1.2.17.jar:/Users/gokcerbelgusen/Downloads/kafka-2.0.0/bin/../libs/lz4-java-1.4.1.jar:/Users/gokcerbelgusen/Downloads/kafka-2.0.0/bin/../libs/maven-artifact-3.5.3.jar:/Users/gokcerbelgusen/Downloads/kafka-2.0.0/bin/../libs/metrics-core-2.2.0.jar:/Users/gokcerbelgusen/Downloads/kafka-2.0.0/bin/../libs/osgi-resource-locator-1.0.1.jar:/Users/gokcerbelgusen/Downloads/kafka-2.0.0/bin/../libs/plexus-utils-3.1.0.jar:/Users/gokcerbelgusen/Downloads/kafka-2.0.0/bin/../libs/reflections-0.9.11.jar:/Users/gokcerbelgusen/Downloads/kafka-2.0.0/bin/../libs/rocksdbjni-5.7.3.jar:/Users/gokcerbelgusen/Downloads/kafka-2.0.0/bin/../libs/scala-library-2.11.12.jar:/Users/gokcerbelgusen/Downloads/kafka-2.0.0/bin/../libs/scala-logging_2.11-3.9.0.jar:/Users/gokcerbelgusen/Downloads/kafka-2.0.0/bin/../libs/scala-reflect-2.11.12.jar:/Users/gokcerbelgusen/Downloads/kafka-2.0.0/bin/../libs/slf4j-api-1.7.25.jar:/Users/gokcerbelgusen/Downloads/kafka-2.0.0/bin/../libs/slf4j-log4j12-1.7.25.jar:/Users/gokcerbelgusen/Downloads/kafka-2.0.0/bin/../libs/snappy-java-1.1.7.1.jar:/Users/gokcerbelgusen/Downloads/kafka-2.0.0/bin/../libs/validation-api-1.1.0.Final.jar:/Users/gokcerbelgusen/Downloads/kafka-2.0.0/bin/../libs/zkclient-0.10.jar:/Users/gokcerbelgusen/Downloads/kafka-2.0.0/bin/../libs/zookeeper-3.4.13.jar
	os.spec = Mac OS X, x86_64, 10.14.6
	os.vcpus = 4
 (org.apache.kafka.connect.runtime.WorkerInfo:71)
[2019-07-24 15:20:36,489] INFO Scanning for plugin classes. This might take a moment ... (org.apache.kafka.connect.cli.ConnectStandalone:76)
[2019-07-24 15:20:38,316] INFO Registered loader: sun.misc.Launcher$AppClassLoader@764c12b6 (org.apache.kafka.connect.runtime.isolation.DelegatingClassLoader:241)
[2019-07-24 15:20:38,316] INFO Added plugin 'org.apache.kafka.connect.file.FileStreamSourceConnector' (org.apache.kafka.connect.runtime.isolation.DelegatingClassLoader:170)
[2019-07-24 15:20:38,317] INFO Added plugin 'org.apache.kafka.connect.tools.MockSourceConnector' (org.apache.kafka.connect.runtime.isolation.DelegatingClassLoader:170)
[2019-07-24 15:20:38,318] INFO Added plugin 'org.apache.kafka.connect.tools.MockSinkConnector' (org.apache.kafka.connect.runtime.isolation.DelegatingClassLoader:170)
[2019-07-24 15:20:38,318] INFO Added plugin 'org.apache.kafka.connect.tools.VerifiableSinkConnector' (org.apache.kafka.connect.runtime.isolation.DelegatingClassLoader:170)
[2019-07-24 15:20:38,318] INFO Added plugin 'org.apache.kafka.connect.tools.VerifiableSourceConnector' (org.apache.kafka.connect.runtime.isolation.DelegatingClassLoader:170)
[2019-07-24 15:20:38,318] INFO Added plugin 'org.apache.kafka.connect.tools.MockConnector' (org.apache.kafka.connect.runtime.isolation.DelegatingClassLoader:170)
[2019-07-24 15:20:38,318] INFO Added plugin 'org.apache.kafka.connect.socket.SocketSourceConnector' (org.apache.kafka.connect.runtime.isolation.DelegatingClassLoader:170)
[2019-07-24 15:20:38,318] INFO Added plugin 'org.apache.kafka.connect.tools.SchemaSourceConnector' (org.apache.kafka.connect.runtime.isolation.DelegatingClassLoader:170)
[2019-07-24 15:20:38,319] INFO Added plugin 'org.apache.kafka.connect.file.FileStreamSinkConnector' (org.apache.kafka.connect.runtime.isolation.DelegatingClassLoader:170)
[2019-07-24 15:20:38,319] INFO Added plugin 'org.apache.kafka.connect.storage.StringConverter' (org.apache.kafka.connect.runtime.isolation.DelegatingClassLoader:170)
[2019-07-24 15:20:38,319] INFO Added plugin 'org.apache.kafka.connect.json.JsonConverter' (org.apache.kafka.connect.runtime.isolation.DelegatingClassLoader:170)
[2019-07-24 15:20:38,319] INFO Added plugin 'org.apache.kafka.connect.converters.DoubleConverter' (org.apache.kafka.connect.runtime.isolation.DelegatingClassLoader:170)
[2019-07-24 15:20:38,321] INFO Added plugin 'org.apache.kafka.connect.converters.IntegerConverter' (org.apache.kafka.connect.runtime.isolation.DelegatingClassLoader:170)
[2019-07-24 15:20:38,321] INFO Added plugin 'org.apache.kafka.connect.converters.ByteArrayConverter' (org.apache.kafka.connect.runtime.isolation.DelegatingClassLoader:170)
[2019-07-24 15:20:38,321] INFO Added plugin 'org.apache.kafka.connect.converters.FloatConverter' (org.apache.kafka.connect.runtime.isolation.DelegatingClassLoader:170)
[2019-07-24 15:20:38,321] INFO Added plugin 'org.apache.kafka.connect.converters.ByteConverter' (org.apache.kafka.connect.runtime.isolation.DelegatingClassLoader:170)
[2019-07-24 15:20:38,322] INFO Added plugin 'org.apache.kafka.connect.converters.LongConverter' (org.apache.kafka.connect.runtime.isolation.DelegatingClassLoader:170)
[2019-07-24 15:20:38,322] INFO Added plugin 'org.apache.kafka.connect.converters.ShortConverter' (org.apache.kafka.connect.runtime.isolation.DelegatingClassLoader:170)
[2019-07-24 15:20:38,322] INFO Added plugin 'org.apache.kafka.connect.storage.SimpleHeaderConverter' (org.apache.kafka.connect.runtime.isolation.DelegatingClassLoader:170)
[2019-07-24 15:20:38,322] INFO Added plugin 'org.apache.kafka.connect.transforms.Cast$Value' (org.apache.kafka.connect.runtime.isolation.DelegatingClassLoader:170)
[2019-07-24 15:20:38,322] INFO Added plugin 'org.apache.kafka.connect.transforms.ExtractField$Value' (org.apache.kafka.connect.runtime.isolation.DelegatingClassLoader:170)
[2019-07-24 15:20:38,322] INFO Added plugin 'org.apache.kafka.connect.transforms.ReplaceField$Value' (org.apache.kafka.connect.runtime.isolation.DelegatingClassLoader:170)
[2019-07-24 15:20:38,323] INFO Added plugin 'org.apache.kafka.connect.transforms.SetSchemaMetadata$Key' (org.apache.kafka.connect.runtime.isolation.DelegatingClassLoader:170)
[2019-07-24 15:20:38,323] INFO Added plugin 'org.apache.kafka.connect.transforms.TimestampConverter$Value' (org.apache.kafka.connect.runtime.isolation.DelegatingClassLoader:170)
[2019-07-24 15:20:38,323] INFO Added plugin 'org.apache.kafka.connect.transforms.ValueToKey' (org.apache.kafka.connect.runtime.isolation.DelegatingClassLoader:170)
[2019-07-24 15:20:38,323] INFO Added plugin 'org.apache.kafka.connect.transforms.ReplaceField$Key' (org.apache.kafka.connect.runtime.isolation.DelegatingClassLoader:170)
[2019-07-24 15:20:38,323] INFO Added plugin 'org.apache.kafka.connect.transforms.TimestampRouter' (org.apache.kafka.connect.runtime.isolation.DelegatingClassLoader:170)
[2019-07-24 15:20:38,323] INFO Added plugin 'org.apache.kafka.connect.transforms.TimestampConverter$Key' (org.apache.kafka.connect.runtime.isolation.DelegatingClassLoader:170)
[2019-07-24 15:20:38,323] INFO Added plugin 'org.apache.kafka.connect.transforms.InsertField$Key' (org.apache.kafka.connect.runtime.isolation.DelegatingClassLoader:170)
[2019-07-24 15:20:38,323] INFO Added plugin 'org.apache.kafka.connect.transforms.MaskField$Key' (org.apache.kafka.connect.runtime.isolation.DelegatingClassLoader:170)
[2019-07-24 15:20:38,323] INFO Added plugin 'org.apache.kafka.connect.transforms.InsertField$Value' (org.apache.kafka.connect.runtime.isolation.DelegatingClassLoader:170)
[2019-07-24 15:20:38,324] INFO Added plugin 'org.apache.kafka.connect.transforms.Flatten$Key' (org.apache.kafka.connect.runtime.isolation.DelegatingClassLoader:170)
[2019-07-24 15:20:38,324] INFO Added plugin 'org.apache.kafka.connect.transforms.RegexRouter' (org.apache.kafka.connect.runtime.isolation.DelegatingClassLoader:170)
[2019-07-24 15:20:38,324] INFO Added plugin 'org.apache.kafka.connect.transforms.Cast$Key' (org.apache.kafka.connect.runtime.isolation.DelegatingClassLoader:170)
[2019-07-24 15:20:38,324] INFO Added plugin 'org.apache.kafka.connect.transforms.MaskField$Value' (org.apache.kafka.connect.runtime.isolation.DelegatingClassLoader:170)
[2019-07-24 15:20:38,324] INFO Added plugin 'org.apache.kafka.connect.transforms.Flatten$Value' (org.apache.kafka.connect.runtime.isolation.DelegatingClassLoader:170)
[2019-07-24 15:20:38,324] INFO Added plugin 'org.apache.kafka.connect.transforms.ExtractField$Key' (org.apache.kafka.connect.runtime.isolation.DelegatingClassLoader:170)
[2019-07-24 15:20:38,324] INFO Added plugin 'org.apache.kafka.connect.transforms.SetSchemaMetadata$Value' (org.apache.kafka.connect.runtime.isolation.DelegatingClassLoader:170)
[2019-07-24 15:20:38,324] INFO Added plugin 'org.apache.kafka.connect.transforms.HoistField$Key' (org.apache.kafka.connect.runtime.isolation.DelegatingClassLoader:170)
[2019-07-24 15:20:38,325] INFO Added plugin 'org.apache.kafka.connect.transforms.HoistField$Value' (org.apache.kafka.connect.runtime.isolation.DelegatingClassLoader:170)
[2019-07-24 15:20:38,325] INFO Added plugin 'org.apache.kafka.common.config.provider.FileConfigProvider' (org.apache.kafka.connect.runtime.isolation.DelegatingClassLoader:170)
[2019-07-24 15:20:38,325] INFO Added plugin 'org.apache.kafka.connect.rest.basic.auth.extension.BasicAuthSecurityRestExtension' (org.apache.kafka.connect.runtime.isolation.DelegatingClassLoader:170)
[2019-07-24 15:20:38,326] INFO Added aliases 'FileStreamSinkConnector' and 'FileStreamSink' to plugin 'org.apache.kafka.connect.file.FileStreamSinkConnector' (org.apache.kafka.connect.runtime.isolation.DelegatingClassLoader:392)
[2019-07-24 15:20:38,327] INFO Added aliases 'FileStreamSourceConnector' and 'FileStreamSource' to plugin 'org.apache.kafka.connect.file.FileStreamSourceConnector' (org.apache.kafka.connect.runtime.isolation.DelegatingClassLoader:392)
[2019-07-24 15:20:38,327] INFO Added aliases 'SocketSourceConnector' and 'SocketSource' to plugin 'org.apache.kafka.connect.socket.SocketSourceConnector' (org.apache.kafka.connect.runtime.isolation.DelegatingClassLoader:392)
[2019-07-24 15:20:38,327] INFO Added aliases 'MockConnector' and 'Mock' to plugin 'org.apache.kafka.connect.tools.MockConnector' (org.apache.kafka.connect.runtime.isolation.DelegatingClassLoader:392)
[2019-07-24 15:20:38,327] INFO Added aliases 'MockSinkConnector' and 'MockSink' to plugin 'org.apache.kafka.connect.tools.MockSinkConnector' (org.apache.kafka.connect.runtime.isolation.DelegatingClassLoader:392)
[2019-07-24 15:20:38,328] INFO Added aliases 'MockSourceConnector' and 'MockSource' to plugin 'org.apache.kafka.connect.tools.MockSourceConnector' (org.apache.kafka.connect.runtime.isolation.DelegatingClassLoader:392)
[2019-07-24 15:20:38,328] INFO Added aliases 'SchemaSourceConnector' and 'SchemaSource' to plugin 'org.apache.kafka.connect.tools.SchemaSourceConnector' (org.apache.kafka.connect.runtime.isolation.DelegatingClassLoader:392)
[2019-07-24 15:20:38,328] INFO Added aliases 'VerifiableSinkConnector' and 'VerifiableSink' to plugin 'org.apache.kafka.connect.tools.VerifiableSinkConnector' (org.apache.kafka.connect.runtime.isolation.DelegatingClassLoader:392)
[2019-07-24 15:20:38,328] INFO Added aliases 'VerifiableSourceConnector' and 'VerifiableSource' to plugin 'org.apache.kafka.connect.tools.VerifiableSourceConnector' (org.apache.kafka.connect.runtime.isolation.DelegatingClassLoader:392)
[2019-07-24 15:20:38,328] INFO Added aliases 'ByteArrayConverter' and 'ByteArray' to plugin 'org.apache.kafka.connect.converters.ByteArrayConverter' (org.apache.kafka.connect.runtime.isolation.DelegatingClassLoader:392)
[2019-07-24 15:20:38,329] INFO Added aliases 'ByteConverter' and 'Byte' to plugin 'org.apache.kafka.connect.converters.ByteConverter' (org.apache.kafka.connect.runtime.isolation.DelegatingClassLoader:392)
[2019-07-24 15:20:38,329] INFO Added aliases 'DoubleConverter' and 'Double' to plugin 'org.apache.kafka.connect.converters.DoubleConverter' (org.apache.kafka.connect.runtime.isolation.DelegatingClassLoader:392)
[2019-07-24 15:20:38,329] INFO Added aliases 'FloatConverter' and 'Float' to plugin 'org.apache.kafka.connect.converters.FloatConverter' (org.apache.kafka.connect.runtime.isolation.DelegatingClassLoader:392)
[2019-07-24 15:20:38,329] INFO Added aliases 'IntegerConverter' and 'Integer' to plugin 'org.apache.kafka.connect.converters.IntegerConverter' (org.apache.kafka.connect.runtime.isolation.DelegatingClassLoader:392)
[2019-07-24 15:20:38,329] INFO Added aliases 'LongConverter' and 'Long' to plugin 'org.apache.kafka.connect.converters.LongConverter' (org.apache.kafka.connect.runtime.isolation.DelegatingClassLoader:392)
[2019-07-24 15:20:38,330] INFO Added aliases 'ShortConverter' and 'Short' to plugin 'org.apache.kafka.connect.converters.ShortConverter' (org.apache.kafka.connect.runtime.isolation.DelegatingClassLoader:392)
[2019-07-24 15:20:38,330] INFO Added aliases 'JsonConverter' and 'Json' to plugin 'org.apache.kafka.connect.json.JsonConverter' (org.apache.kafka.connect.runtime.isolation.DelegatingClassLoader:392)
[2019-07-24 15:20:38,330] INFO Added aliases 'StringConverter' and 'String' to plugin 'org.apache.kafka.connect.storage.StringConverter' (org.apache.kafka.connect.runtime.isolation.DelegatingClassLoader:392)
[2019-07-24 15:20:38,330] INFO Added aliases 'ByteArrayConverter' and 'ByteArray' to plugin 'org.apache.kafka.connect.converters.ByteArrayConverter' (org.apache.kafka.connect.runtime.isolation.DelegatingClassLoader:392)
[2019-07-24 15:20:38,330] INFO Added aliases 'ByteConverter' and 'Byte' to plugin 'org.apache.kafka.connect.converters.ByteConverter' (org.apache.kafka.connect.runtime.isolation.DelegatingClassLoader:392)
[2019-07-24 15:20:38,331] INFO Added aliases 'DoubleConverter' and 'Double' to plugin 'org.apache.kafka.connect.converters.DoubleConverter' (org.apache.kafka.connect.runtime.isolation.DelegatingClassLoader:392)
[2019-07-24 15:20:38,331] INFO Added aliases 'FloatConverter' and 'Float' to plugin 'org.apache.kafka.connect.converters.FloatConverter' (org.apache.kafka.connect.runtime.isolation.DelegatingClassLoader:392)
[2019-07-24 15:20:38,331] INFO Added aliases 'IntegerConverter' and 'Integer' to plugin 'org.apache.kafka.connect.converters.IntegerConverter' (org.apache.kafka.connect.runtime.isolation.DelegatingClassLoader:392)
[2019-07-24 15:20:38,331] INFO Added aliases 'LongConverter' and 'Long' to plugin 'org.apache.kafka.connect.converters.LongConverter' (org.apache.kafka.connect.runtime.isolation.DelegatingClassLoader:392)
[2019-07-24 15:20:38,332] INFO Added aliases 'ShortConverter' and 'Short' to plugin 'org.apache.kafka.connect.converters.ShortConverter' (org.apache.kafka.connect.runtime.isolation.DelegatingClassLoader:392)
[2019-07-24 15:20:38,332] INFO Added aliases 'JsonConverter' and 'Json' to plugin 'org.apache.kafka.connect.json.JsonConverter' (org.apache.kafka.connect.runtime.isolation.DelegatingClassLoader:392)
[2019-07-24 15:20:38,332] INFO Added alias 'SimpleHeaderConverter' to plugin 'org.apache.kafka.connect.storage.SimpleHeaderConverter' (org.apache.kafka.connect.runtime.isolation.DelegatingClassLoader:389)
[2019-07-24 15:20:38,332] INFO Added aliases 'StringConverter' and 'String' to plugin 'org.apache.kafka.connect.storage.StringConverter' (org.apache.kafka.connect.runtime.isolation.DelegatingClassLoader:392)
[2019-07-24 15:20:38,333] INFO Added alias 'RegexRouter' to plugin 'org.apache.kafka.connect.transforms.RegexRouter' (org.apache.kafka.connect.runtime.isolation.DelegatingClassLoader:389)
[2019-07-24 15:20:38,333] INFO Added alias 'TimestampRouter' to plugin 'org.apache.kafka.connect.transforms.TimestampRouter' (org.apache.kafka.connect.runtime.isolation.DelegatingClassLoader:389)
[2019-07-24 15:20:38,333] INFO Added alias 'ValueToKey' to plugin 'org.apache.kafka.connect.transforms.ValueToKey' (org.apache.kafka.connect.runtime.isolation.DelegatingClassLoader:389)
[2019-07-24 15:20:38,334] INFO Added alias 'BasicAuthSecurityRestExtension' to plugin 'org.apache.kafka.connect.rest.basic.auth.extension.BasicAuthSecurityRestExtension' (org.apache.kafka.connect.runtime.isolation.DelegatingClassLoader:389)
[2019-07-24 15:20:38,342] INFO StandaloneConfig values: 
	access.control.allow.methods = 
	access.control.allow.origin = 
	bootstrap.servers = [localhost:9092]
	config.providers = []
	header.converter = class org.apache.kafka.connect.storage.SimpleHeaderConverter
	internal.key.converter = class org.apache.kafka.connect.json.JsonConverter
	internal.value.converter = class org.apache.kafka.connect.json.JsonConverter
	key.converter = class org.apache.kafka.connect.converters.ByteArrayConverter
	listeners = null
	metric.reporters = []
	metrics.num.samples = 2
	metrics.recording.level = INFO
	metrics.sample.window.ms = 30000
	offset.flush.interval.ms = 10000
	offset.flush.timeout.ms = 5000
	offset.storage.file.filename = /tmp/connect.offsets
	plugin.path = null
	rest.advertised.host.name = null
	rest.advertised.listener = null
	rest.advertised.port = null
	rest.extension.classes = []
	rest.host.name = null
	rest.port = 8083
	ssl.client.auth = none
	task.shutdown.graceful.timeout.ms = 5000
	value.converter = class org.apache.kafka.connect.converters.ByteArrayConverter
 (org.apache.kafka.connect.runtime.standalone.StandaloneConfig:279)
[2019-07-24 15:20:38,344] INFO Creating Kafka admin client (org.apache.kafka.connect.util.ConnectUtils:43)
[2019-07-24 15:20:38,353] INFO AdminClientConfig values: 
	bootstrap.servers = [localhost:9092]
	client.id = 
	connections.max.idle.ms = 300000
	metadata.max.age.ms = 300000
	metric.reporters = []
	metrics.num.samples = 2
	metrics.recording.level = INFO
	metrics.sample.window.ms = 30000
	receive.buffer.bytes = 65536
	reconnect.backoff.max.ms = 1000
	reconnect.backoff.ms = 50
	request.timeout.ms = 120000
	retries = 5
	retry.backoff.ms = 100
	sasl.client.callback.handler.class = null
	sasl.jaas.config = null
	sasl.kerberos.kinit.cmd = /usr/bin/kinit
	sasl.kerberos.min.time.before.relogin = 60000
	sasl.kerberos.service.name = null
	sasl.kerberos.ticket.renew.jitter = 0.05
	sasl.kerberos.ticket.renew.window.factor = 0.8
	sasl.login.callback.handler.class = null
	sasl.login.class = null
	sasl.login.refresh.buffer.seconds = 300
	sasl.login.refresh.min.period.seconds = 60
	sasl.login.refresh.window.factor = 0.8
	sasl.login.refresh.window.jitter = 0.05
	sasl.mechanism = GSSAPI
	security.protocol = PLAINTEXT
	send.buffer.bytes = 131072
	ssl.cipher.suites = null
	ssl.enabled.protocols = [TLSv1.2, TLSv1.1, TLSv1]
	ssl.endpoint.identification.algorithm = https
	ssl.key.password = null
	ssl.keymanager.algorithm = SunX509
	ssl.keystore.location = null
	ssl.keystore.password = null
	ssl.keystore.type = JKS
	ssl.protocol = TLS
	ssl.provider = null
	ssl.secure.random.implementation = null
	ssl.trustmanager.algorithm = PKIX
	ssl.truststore.location = null
	ssl.truststore.password = null
	ssl.truststore.type = JKS
 (org.apache.kafka.clients.admin.AdminClientConfig:279)
[2019-07-24 15:20:38,408] WARN The configuration 'offset.flush.interval.ms' was supplied but isn't a known config. (org.apache.kafka.clients.admin.AdminClientConfig:287)
[2019-07-24 15:20:38,408] WARN The configuration 'key.converter.schemas.enable' was supplied but isn't a known config. (org.apache.kafka.clients.admin.AdminClientConfig:287)
[2019-07-24 15:20:38,408] WARN The configuration 'offset.storage.file.filename' was supplied but isn't a known config. (org.apache.kafka.clients.admin.AdminClientConfig:287)
[2019-07-24 15:20:38,408] WARN The configuration 'value.converter.schemas.enable' was supplied but isn't a known config. (org.apache.kafka.clients.admin.AdminClientConfig:287)
[2019-07-24 15:20:38,408] WARN The configuration 'value.converter' was supplied but isn't a known config. (org.apache.kafka.clients.admin.AdminClientConfig:287)
[2019-07-24 15:20:38,409] WARN The configuration 'key.converter' was supplied but isn't a known config. (org.apache.kafka.clients.admin.AdminClientConfig:287)
[2019-07-24 15:20:38,409] INFO Kafka version : 2.0.0 (org.apache.kafka.common.utils.AppInfoParser:109)
[2019-07-24 15:20:38,409] INFO Kafka commitId : 3402a8361b734732 (org.apache.kafka.common.utils.AppInfoParser:110)
[2019-07-24 15:20:38,547] INFO Kafka cluster ID: miVBZT5ZQ3K-R_Q21cWbkw (org.apache.kafka.connect.util.ConnectUtils:59)
[2019-07-24 15:20:38,570] INFO Logging initialized @2491ms to org.eclipse.jetty.util.log.Slf4jLog (org.eclipse.jetty.util.log:193)
[2019-07-24 15:20:38,631] INFO Added connector for http://:8083 (org.apache.kafka.connect.runtime.rest.RestServer:119)
[2019-07-24 15:20:38,656] INFO Advertised URI: http://192.168.56.1:8083/ (org.apache.kafka.connect.runtime.rest.RestServer:267)
[2019-07-24 15:20:38,667] INFO Kafka version : 2.0.0 (org.apache.kafka.common.utils.AppInfoParser:109)
[2019-07-24 15:20:38,667] INFO Kafka commitId : 3402a8361b734732 (org.apache.kafka.common.utils.AppInfoParser:110)
[2019-07-24 15:20:38,823] INFO JsonConverterConfig values: 
	converter.type = key
	schemas.cache.size = 1000
	schemas.enable = false
 (org.apache.kafka.connect.json.JsonConverterConfig:279)
[2019-07-24 15:20:38,825] INFO JsonConverterConfig values: 
	converter.type = value
	schemas.cache.size = 1000
	schemas.enable = false
 (org.apache.kafka.connect.json.JsonConverterConfig:279)
[2019-07-24 15:20:38,831] INFO Kafka Connect standalone worker initialization took 2357ms (org.apache.kafka.connect.cli.ConnectStandalone:92)
[2019-07-24 15:20:38,831] INFO Kafka Connect starting (org.apache.kafka.connect.runtime.Connect:49)
[2019-07-24 15:20:38,831] INFO Herder starting (org.apache.kafka.connect.runtime.standalone.StandaloneHerder:88)
[2019-07-24 15:20:38,831] INFO Worker starting (org.apache.kafka.connect.runtime.Worker:172)
[2019-07-24 15:20:38,832] INFO Starting FileOffsetBackingStore with file /tmp/connect.offsets (org.apache.kafka.connect.storage.FileOffsetBackingStore:59)
[2019-07-24 15:20:38,837] INFO Worker started (org.apache.kafka.connect.runtime.Worker:177)
[2019-07-24 15:20:38,838] INFO Herder started (org.apache.kafka.connect.runtime.standalone.StandaloneHerder:90)
[2019-07-24 15:20:38,838] INFO Starting REST server (org.apache.kafka.connect.runtime.rest.RestServer:163)
[2019-07-24 15:20:38,933] INFO jetty-9.4.11.v20180605; built: 2018-06-05T18:24:03.829Z; git: d5fc0523cfa96bfebfbda19606cad384d772f04c; jvm 1.8.0_211-b12 (org.eclipse.jetty.server.Server:374)
[2019-07-24 15:20:38,966] INFO DefaultSessionIdManager workerName=node0 (org.eclipse.jetty.server.session:365)
[2019-07-24 15:20:38,966] INFO No SessionScavenger set, using defaults (org.eclipse.jetty.server.session:370)
[2019-07-24 15:20:38,968] INFO node0 Scavenging every 600000ms (org.eclipse.jetty.server.session:149)
Jul 24, 2019 3:20:39 PM org.glassfish.jersey.internal.inject.Providers checkProviderRuntime
WARNING: A provider org.apache.kafka.connect.runtime.rest.resources.ConnectorPluginsResource registered in SERVER runtime does not implement any provider interfaces applicable in the SERVER runtime. Due to constraint configuration problems the provider org.apache.kafka.connect.runtime.rest.resources.ConnectorPluginsResource will be ignored. 
Jul 24, 2019 3:20:39 PM org.glassfish.jersey.internal.inject.Providers checkProviderRuntime
WARNING: A provider org.apache.kafka.connect.runtime.rest.resources.RootResource registered in SERVER runtime does not implement any provider interfaces applicable in the SERVER runtime. Due to constraint configuration problems the provider org.apache.kafka.connect.runtime.rest.resources.RootResource will be ignored. 
Jul 24, 2019 3:20:39 PM org.glassfish.jersey.internal.inject.Providers checkProviderRuntime
WARNING: A provider org.apache.kafka.connect.runtime.rest.resources.ConnectorsResource registered in SERVER runtime does not implement any provider interfaces applicable in the SERVER runtime. Due to constraint configuration problems the provider org.apache.kafka.connect.runtime.rest.resources.ConnectorsResource will be ignored. 
Jul 24, 2019 3:20:39 PM org.glassfish.jersey.internal.Errors logErrors
WARNING: The following warnings have been detected: WARNING: The (sub)resource method createConnector in org.apache.kafka.connect.runtime.rest.resources.ConnectorsResource contains empty path annotation.
WARNING: The (sub)resource method listConnectors in org.apache.kafka.connect.runtime.rest.resources.ConnectorsResource contains empty path annotation.
WARNING: The (sub)resource method listConnectorPlugins in org.apache.kafka.connect.runtime.rest.resources.ConnectorPluginsResource contains empty path annotation.
WARNING: The (sub)resource method serverInfo in org.apache.kafka.connect.runtime.rest.resources.RootResource contains empty path annotation.

[2019-07-24 15:20:39,533] INFO Started o.e.j.s.ServletContextHandler@25a73de1{/,null,AVAILABLE} (org.eclipse.jetty.server.handler.ContextHandler:851)
[2019-07-24 15:20:39,542] INFO Started http_8083@652ce654{HTTP/1.1,[http/1.1]}{0.0.0.0:8083} (org.eclipse.jetty.server.AbstractConnector:289)
[2019-07-24 15:20:39,542] INFO Started @3463ms (org.eclipse.jetty.server.Server:411)
[2019-07-24 15:20:39,543] INFO Advertised URI: http://192.168.56.1:8083/ (org.apache.kafka.connect.runtime.rest.RestServer:267)
[2019-07-24 15:20:39,543] INFO REST server listening at http://192.168.56.1:8083/, advertising URL http://192.168.56.1:8083/ (org.apache.kafka.connect.runtime.rest.RestServer:217)
[2019-07-24 15:20:39,543] INFO Kafka Connect started (org.apache.kafka.connect.runtime.Connect:55)
[2019-07-24 15:20:39,549] INFO ConnectorConfig values: 
	config.action.reload = RESTART
	connector.class = org.apache.kafka.connect.socket.SocketSourceConnector
	errors.log.enable = false
	errors.log.include.messages = false
	errors.retry.delay.max.ms = 60000
	errors.retry.timeout = 0
	errors.tolerance = none
	header.converter = null
	key.converter = null
	name = socket-connector
	tasks.max = 1
	transforms = []
	value.converter = null
 (org.apache.kafka.connect.runtime.ConnectorConfig:279)
[2019-07-24 15:20:39,549] INFO EnrichedConnectorConfig values: 
	config.action.reload = RESTART
	connector.class = org.apache.kafka.connect.socket.SocketSourceConnector
	errors.log.enable = false
	errors.log.include.messages = false
	errors.retry.delay.max.ms = 60000
	errors.retry.timeout = 0
	errors.tolerance = none
	header.converter = null
	key.converter = null
	name = socket-connector
	tasks.max = 1
	transforms = []
	value.converter = null
 (org.apache.kafka.connect.runtime.ConnectorConfig$EnrichedConnectorConfig:279)
[2019-07-24 15:20:39,549] INFO Creating connector socket-connector of type org.apache.kafka.connect.socket.SocketSourceConnector (org.apache.kafka.connect.runtime.Worker:235)
[2019-07-24 15:20:39,552] INFO Instantiated connector socket-connector with version 2.0.0 of type class org.apache.kafka.connect.socket.SocketSourceConnector (org.apache.kafka.connect.runtime.Worker:238)
[2019-07-24 15:20:39,553] INFO Finished creating connector socket-connector (org.apache.kafka.connect.runtime.Worker:257)
[2019-07-24 15:20:39,554] INFO SourceConnectorConfig values: 
	config.action.reload = RESTART
	connector.class = org.apache.kafka.connect.socket.SocketSourceConnector
	errors.log.enable = false
	errors.log.include.messages = false
	errors.retry.delay.max.ms = 60000
	errors.retry.timeout = 0
	errors.tolerance = none
	header.converter = null
	key.converter = null
	name = socket-connector
	tasks.max = 1
	transforms = []
	value.converter = null
 (org.apache.kafka.connect.runtime.SourceConnectorConfig:279)
[2019-07-24 15:20:39,554] INFO EnrichedConnectorConfig values: 
	config.action.reload = RESTART
	connector.class = org.apache.kafka.connect.socket.SocketSourceConnector
	errors.log.enable = false
	errors.log.include.messages = false
	errors.retry.delay.max.ms = 60000
	errors.retry.timeout = 0
	errors.tolerance = none
	header.converter = null
	key.converter = null
	name = socket-connector
	tasks.max = 1
	transforms = []
	value.converter = null
 (org.apache.kafka.connect.runtime.ConnectorConfig$EnrichedConnectorConfig:279)
[2019-07-24 15:20:39,555] INFO Creating task socket-connector-0 (org.apache.kafka.connect.runtime.Worker:396)
[2019-07-24 15:20:39,556] INFO ConnectorConfig values: 
	config.action.reload = RESTART
	connector.class = org.apache.kafka.connect.socket.SocketSourceConnector
	errors.log.enable = false
	errors.log.include.messages = false
	errors.retry.delay.max.ms = 60000
	errors.retry.timeout = 0
	errors.tolerance = none
	header.converter = null
	key.converter = null
	name = socket-connector
	tasks.max = 1
	transforms = []
	value.converter = null
 (org.apache.kafka.connect.runtime.ConnectorConfig:279)
[2019-07-24 15:20:39,556] INFO EnrichedConnectorConfig values: 
	config.action.reload = RESTART
	connector.class = org.apache.kafka.connect.socket.SocketSourceConnector
	errors.log.enable = false
	errors.log.include.messages = false
	errors.retry.delay.max.ms = 60000
	errors.retry.timeout = 0
	errors.tolerance = none
	header.converter = null
	key.converter = null
	name = socket-connector
	tasks.max = 1
	transforms = []
	value.converter = null
 (org.apache.kafka.connect.runtime.ConnectorConfig$EnrichedConnectorConfig:279)
[2019-07-24 15:20:39,556] INFO TaskConfig values: 
	task.class = class org.apache.kafka.connect.socket.SocketSourceTask
 (org.apache.kafka.connect.runtime.TaskConfig:279)
[2019-07-24 15:20:39,556] INFO Instantiated task socket-connector-0 with version 2.0.0 of type org.apache.kafka.connect.socket.SocketSourceTask (org.apache.kafka.connect.runtime.Worker:411)
[2019-07-24 15:20:39,557] INFO Set up the key converter class org.apache.kafka.connect.converters.ByteArrayConverter for task socket-connector-0 using the worker config (org.apache.kafka.connect.runtime.Worker:434)
[2019-07-24 15:20:39,557] INFO Set up the value converter class org.apache.kafka.connect.converters.ByteArrayConverter for task socket-connector-0 using the worker config (org.apache.kafka.connect.runtime.Worker:440)
[2019-07-24 15:20:39,557] INFO Set up the header converter class org.apache.kafka.connect.storage.SimpleHeaderConverter for task socket-connector-0 using the worker config (org.apache.kafka.connect.runtime.Worker:446)
[2019-07-24 15:20:39,568] INFO ProducerConfig values: 
	acks = all
	batch.size = 16384
	bootstrap.servers = [localhost:9092]
	buffer.memory = 33554432
	client.id = 
	compression.type = none
	connections.max.idle.ms = 540000
	enable.idempotence = false
	interceptor.classes = []
	key.serializer = class org.apache.kafka.common.serialization.ByteArraySerializer
	linger.ms = 0
	max.block.ms = 9223372036854775807
	max.in.flight.requests.per.connection = 1
	max.request.size = 1048576
	metadata.max.age.ms = 300000
	metric.reporters = []
	metrics.num.samples = 2
	metrics.recording.level = INFO
	metrics.sample.window.ms = 30000
	partitioner.class = class org.apache.kafka.clients.producer.internals.DefaultPartitioner
	receive.buffer.bytes = 32768
	reconnect.backoff.max.ms = 1000
	reconnect.backoff.ms = 50
	request.timeout.ms = 2147483647
	retries = 2147483647
	retry.backoff.ms = 100
	sasl.client.callback.handler.class = null
	sasl.jaas.config = null
	sasl.kerberos.kinit.cmd = /usr/bin/kinit
	sasl.kerberos.min.time.before.relogin = 60000
	sasl.kerberos.service.name = null
	sasl.kerberos.ticket.renew.jitter = 0.05
	sasl.kerberos.ticket.renew.window.factor = 0.8
	sasl.login.callback.handler.class = null
	sasl.login.class = null
	sasl.login.refresh.buffer.seconds = 300
	sasl.login.refresh.min.period.seconds = 60
	sasl.login.refresh.window.factor = 0.8
	sasl.login.refresh.window.jitter = 0.05
	sasl.mechanism = GSSAPI
	security.protocol = PLAINTEXT
	send.buffer.bytes = 131072
	ssl.cipher.suites = null
	ssl.enabled.protocols = [TLSv1.2, TLSv1.1, TLSv1]
	ssl.endpoint.identification.algorithm = https
	ssl.key.password = null
	ssl.keymanager.algorithm = SunX509
	ssl.keystore.location = null
	ssl.keystore.password = null
	ssl.keystore.type = JKS
	ssl.protocol = TLS
	ssl.provider = null
	ssl.secure.random.implementation = null
	ssl.trustmanager.algorithm = PKIX
	ssl.truststore.location = null
	ssl.truststore.password = null
	ssl.truststore.type = JKS
	transaction.timeout.ms = 60000
	transactional.id = null
	value.serializer = class org.apache.kafka.common.serialization.ByteArraySerializer
 (org.apache.kafka.clients.producer.ProducerConfig:279)
[2019-07-24 15:20:39,593] INFO Kafka version : 2.0.0 (org.apache.kafka.common.utils.AppInfoParser:109)
[2019-07-24 15:20:39,593] INFO Kafka commitId : 3402a8361b734732 (org.apache.kafka.common.utils.AppInfoParser:110)
[2019-07-24 15:20:39,601] INFO WorkerSourceTask{id=socket-connector-0} Source task finished initialization and start (org.apache.kafka.connect.runtime.WorkerSourceTask:199)
[2019-07-24 15:20:39,601] INFO Created connector socket-connector (org.apache.kafka.connect.cli.ConnectStandalone:104)
[2019-07-24 15:20:49,601] INFO WorkerSourceTask{id=socket-connector-0} Committing offsets (org.apache.kafka.connect.runtime.WorkerSourceTask:397)
[2019-07-24 15:20:49,601] INFO WorkerSourceTask{id=socket-connector-0} flushing 0 outstanding messages for offset commit (org.apache.kafka.connect.runtime.WorkerSourceTask:414)
[2019-07-24 15:20:59,607] INFO WorkerSourceTask{id=socket-connector-0} Committing offsets (org.apache.kafka.connect.runtime.WorkerSourceTask:397)
[2019-07-24 15:20:59,607] INFO WorkerSourceTask{id=socket-connector-0} flushing 0 outstanding messages for offset commit (org.apache.kafka.connect.runtime.WorkerSourceTask:414)
